<?xml version="1.0" encoding="UTF-8"?>
<testng-results ignored="0" total="0" passed="0" failed="0" skipped="0">
  <reporter-output>
  </reporter-output>
  <suite started-at="2022-08-23T16:01:24 ICT" name="Surefire suite" finished-at="2022-08-23T16:01:48 ICT" duration-ms="23831">
    <groups>
    </groups>
    <test started-at="2022-08-23T16:01:24 ICT" name="Surefire test" finished-at="2022-08-23T16:01:48 ICT" duration-ms="23831">
    </test> <!-- Surefire test -->
  </suite> <!-- Surefire suite -->
</testng-results>
